::1 - - [27/Jul/2021:07:47:16 +0000] "GET / HTTP/1.1" 304 - "http://localhost:8000/users/sign-up" "Mozilla/5.0 (Windows NT 10.0; Win64; x64) AppleWebKit/537.36 (KHTML, like Gecko) Chrome/92.0.4515.107 Safari/537.36"
::1 - - [27/Jul/2021:07:47:20 +0000] "GET /users/sign-up HTTP/1.1" 304 - "http://localhost:8000/" "Mozilla/5.0 (Windows NT 10.0; Win64; x64) AppleWebKit/537.36 (KHTML, like Gecko) Chrome/92.0.4515.107 Safari/537.36"
::1 - - [28/Jul/2021:12:49:30 +0000] "GET / HTTP/1.1" 304 - "-" "Mozilla/5.0 (Windows NT 10.0; Win64; x64) AppleWebKit/537.36 (KHTML, like Gecko) Chrome/92.0.4515.115 Safari/537.36"
::1 - - [28/Jul/2021:12:49:30 +0000] "GET /favicon.ico HTTP/1.1" 404 150 "http://localhost:8000/" "Mozilla/5.0 (Windows NT 10.0; Win64; x64) AppleWebKit/537.36 (KHTML, like Gecko) Chrome/92.0.4515.115 Safari/537.36"
::1 - - [28/Jul/2021:12:49:34 +0000] "GET /users/sign-in HTTP/1.1" 304 - "http://localhost:8000/" "Mozilla/5.0 (Windows NT 10.0; Win64; x64) AppleWebKit/537.36 (KHTML, like Gecko) Chrome/92.0.4515.115 Safari/537.36"
::1 - - [28/Jul/2021:12:49:35 +0000] "GET /users/sign-up HTTP/1.1" 304 - "http://localhost:8000/users/sign-in" "Mozilla/5.0 (Windows NT 10.0; Win64; x64) AppleWebKit/537.36 (KHTML, like Gecko) Chrome/92.0.4515.115 Safari/537.36"
::1 - - [28/Jul/2021:12:49:36 +0000] "GET / HTTP/1.1" 304 - "http://localhost:8000/users/sign-up" "Mozilla/5.0 (Windows NT 10.0; Win64; x64) AppleWebKit/537.36 (KHTML, like Gecko) Chrome/92.0.4515.115 Safari/537.36"
::1 - - [28/Jul/2021:12:49:43 +0000] "GET /users/sign-in HTTP/1.1" 304 - "http://localhost:8000/" "Mozilla/5.0 (Windows NT 10.0; Win64; x64) AppleWebKit/537.36 (KHTML, like Gecko) Chrome/92.0.4515.115 Safari/537.36"
::1 - - [28/Jul/2021:12:49:51 +0000] "POST /users/createSession HTTP/1.1" 302 46 "http://localhost:8000/users/sign-in" "Mozilla/5.0 (Windows NT 10.0; Win64; x64) AppleWebKit/537.36 (KHTML, like Gecko) Chrome/92.0.4515.115 Safari/537.36"
::1 - - [28/Jul/2021:12:49:51 +0000] "GET / HTTP/1.1" 200 4050 "http://localhost:8000/users/sign-in" "Mozilla/5.0 (Windows NT 10.0; Win64; x64) AppleWebKit/537.36 (KHTML, like Gecko) Chrome/92.0.4515.115 Safari/537.36"
::1 - - [28/Jul/2021:12:50:26 +0000] "POST /posts/create HTTP/1.1" 200 285 "http://localhost:8000/" "Mozilla/5.0 (Windows NT 10.0; Win64; x64) AppleWebKit/537.36 (KHTML, like Gecko) Chrome/92.0.4515.115 Safari/537.36"
::1 - - [28/Jul/2021:12:50:32 +0000] "GET / HTTP/1.1" 200 5109 "http://localhost:8000/users/sign-in" "Mozilla/5.0 (Windows NT 10.0; Win64; x64) AppleWebKit/537.36 (KHTML, like Gecko) Chrome/92.0.4515.115 Safari/537.36"
::1 - - [28/Jul/2021:12:50:44 +0000] "POST /likes/toggle/?id=610152924007aa33c4660c0f&type=Post HTTP/1.1" 200 58 "http://localhost:8000/" "Mozilla/5.0 (Windows NT 10.0; Win64; x64) AppleWebKit/537.36 (KHTML, like Gecko) Chrome/92.0.4515.115 Safari/537.36"
::1 - - [28/Jul/2021:12:50:45 +0000] "POST /likes/toggle/?id=610152924007aa33c4660c0f&type=Post HTTP/1.1" 200 57 "http://localhost:8000/" "Mozilla/5.0 (Windows NT 10.0; Win64; x64) AppleWebKit/537.36 (KHTML, like Gecko) Chrome/92.0.4515.115 Safari/537.36"
::1 - - [28/Jul/2021:12:50:47 +0000] "POST /likes/toggle/?id=610152924007aa33c4660c0f&type=Post HTTP/1.1" 200 58 "http://localhost:8000/" "Mozilla/5.0 (Windows NT 10.0; Win64; x64) AppleWebKit/537.36 (KHTML, like Gecko) Chrome/92.0.4515.115 Safari/537.36"
::1 - - [29/Jul/2021:08:55:30 +0000] "GET / HTTP/1.1" 200 3635 "http://localhost:8000/users/sign-in" "Mozilla/5.0 (Windows NT 10.0; Win64; x64) AppleWebKit/537.36 (KHTML, like Gecko) Chrome/92.0.4515.115 Safari/537.36"
::1 - - [29/Jul/2021:08:55:36 +0000] "GET /noty.min.css.map HTTP/1.1" 404 155 "-" "Mozilla/5.0 (Windows NT 10.0; Win64; x64) AppleWebKit/537.36 (KHTML, like Gecko) Chrome/92.0.4515.115 Safari/537.36"
::1 - - [29/Jul/2021:08:55:40 +0000] "GET / HTTP/1.1" 304 - "http://localhost:8000/users/sign-in" "Mozilla/5.0 (Windows NT 10.0; Win64; x64) AppleWebKit/537.36 (KHTML, like Gecko) Chrome/92.0.4515.115 Safari/537.36"
::1 - - [29/Jul/2021:08:55:41 +0000] "GET /favicon.ico HTTP/1.1" 404 150 "http://localhost:8000/" "Mozilla/5.0 (Windows NT 10.0; Win64; x64) AppleWebKit/537.36 (KHTML, like Gecko) Chrome/92.0.4515.115 Safari/537.36"
::1 - - [29/Jul/2021:08:55:44 +0000] "GET /users/sign-in HTTP/1.1" 304 - "http://localhost:8000/" "Mozilla/5.0 (Windows NT 10.0; Win64; x64) AppleWebKit/537.36 (KHTML, like Gecko) Chrome/92.0.4515.115 Safari/537.36"
::1 - - [29/Jul/2021:08:55:48 +0000] "GET / HTTP/1.1" 304 - "http://localhost:8000/users/sign-in" "Mozilla/5.0 (Windows NT 10.0; Win64; x64) AppleWebKit/537.36 (KHTML, like Gecko) Chrome/92.0.4515.115 Safari/537.36"
